This file contains any messages produced by compilers while
running configure, to aid debugging if configure makes a mistake.

It was created by Small Arms Ballistics configure 1.3.3, which was
generated by GNU Autoconf 2.57.  Invocation command line was

  $ ./configure 

## --------- ##
## Platform. ##
## --------- ##

hostname = linux-sen8
uname -m = x86_64
uname -r = 2.6.27.29-0.1-default
uname -s = Linux
uname -v = #1 SMP 2009-08-15 17:53:59 +0200

/usr/bin/uname -p = unknown
/bin/uname -X     = unknown

/bin/arch              = x86_64
/usr/bin/arch -k       = unknown
/usr/convex/getsysinfo = unknown
hostinfo               = unknown
/bin/machine           = unknown
/usr/bin/oslevel       = unknown
/bin/universe          = unknown

PATH: /home/tom/bin
PATH: /usr/local/bin
PATH: /usr/bin
PATH: /bin
PATH: /usr/bin/X11
PATH: /usr/X11R6/bin
PATH: /usr/games
PATH: /usr/lib/mit/bin
PATH: /usr/lib/mit/sbin


## ----------- ##
## Core tests. ##
## ----------- ##

configure:1327: checking for a BSD-compatible install
configure:1381: result: /usr/bin/install -c
configure:1392: checking whether build environment is sane
configure:1435: result: yes
configure:1468: checking for gawk
configure:1484: found /usr/bin/gawk
configure:1494: result: gawk
configure:1504: checking whether make sets $(MAKE)
configure:1524: result: yes
configure:1733: checking for gcc
configure:1749: found /usr/bin/gcc
configure:1759: result: gcc
configure:2003: checking for C compiler version
configure:2006: gcc --version </dev/null >&5
gcc (SUSE Linux) 4.3.2 [gcc-4_3-branch revision 141291]
Copyright (C) 2008 Free Software Foundation, Inc.
This is free software; see the source for copying conditions.  There is NO
warranty; not even for MERCHANTABILITY or FITNESS FOR A PARTICULAR PURPOSE.

configure:2009: $? = 0
configure:2011: gcc -v </dev/null >&5
Using built-in specs.
Target: x86_64-suse-linux
Configured with: ../configure --prefix=/usr --infodir=/usr/share/info --mandir=/usr/share/man --libdir=/usr/lib64 --libexecdir=/usr/lib64 --enable-languages=c,c++,objc,fortran,obj-c++,java,ada --enable-checking=release --with-gxx-include-dir=/usr/include/c++/4.3 --enable-ssp --disable-libssp --with-bugurl=http://bugs.opensuse.org/ --with-pkgversion='SUSE Linux' --disable-libgcj --disable-libmudflap --with-slibdir=/lib64 --with-system-zlib --enable-__cxa_atexit --enable-libstdcxx-allocator=new --disable-libstdcxx-pch --enable-version-specific-runtime-libs --program-suffix=-4.3 --enable-linux-futex --without-system-libunwind --with-cpu=generic --build=x86_64-suse-linux
Thread model: posix
gcc version 4.3.2 [gcc-4_3-branch revision 141291] (SUSE Linux) 
configure:2014: $? = 0
configure:2016: gcc -V </dev/null >&5
gcc: '-V' option must have argument
configure:2019: $? = 1
configure:2043: checking for C compiler default output
configure:2046: gcc    conftest.c  >&5
configure:2049: $? = 0
configure:2095: result: a.out
configure:2100: checking whether the C compiler works
configure:2106: ./a.out
configure:2109: $? = 0
configure:2126: result: yes
configure:2133: checking whether we are cross compiling
configure:2135: result: no
configure:2138: checking for suffix of executables
configure:2140: gcc -o conftest    conftest.c  >&5
configure:2143: $? = 0
configure:2168: result: 
configure:2174: checking for suffix of object files
configure:2196: gcc -c   conftest.c >&5
configure:2199: $? = 0
configure:2221: result: o
configure:2225: checking whether we are using the GNU C compiler
configure:2250: gcc -c   conftest.c >&5
configure:2253: $? = 0
configure:2256: test -s conftest.o
configure:2259: $? = 0
configure:2272: result: yes
configure:2278: checking whether gcc accepts -g
configure:2300: gcc -c -g  conftest.c >&5
configure:2303: $? = 0
configure:2306: test -s conftest.o
configure:2309: $? = 0
configure:2320: result: yes
configure:2337: checking for gcc option to accept ANSI C
configure:2398: gcc  -c -g -O2  conftest.c >&5
configure:2401: $? = 0
configure:2404: test -s conftest.o
configure:2407: $? = 0
configure:2425: result: none needed
configure:2443: gcc -c -g -O2  conftest.c >&5
conftest.c:2: error: expected '=', ',', ';', 'asm' or '__attribute__' before 'me'
configure:2446: $? = 1
configure: failed program was:
| #ifndef __cplusplus
|   choke me
| #endif
configure:2574: checking for style of include used by make
configure:2602: result: GNU
configure:2630: checking dependency style of gcc
configure:2692: result: gcc3
configure:2699: checking for linuxdoc
configure:2726: result: false
configure:2745: checking for main in -lm
configure:2770: gcc -o conftest -g -O2   conftest.c -lm   >&5
configure:2773: $? = 0
configure:2776: test -s conftest
configure:2779: $? = 0
configure:2791: result: yes
configure:2807: checking for main in -lncurses
configure:2832: gcc -o conftest -g -O2   conftest.c -lncurses  -lm  >&5
/usr/lib64/gcc/x86_64-suse-linux/4.3/../../../../x86_64-suse-linux/bin/ld: cannot find -lncurses
collect2: ld returned 1 exit status
configure:2835: $? = 1
configure: failed program was:
| #line 2814 "configure"
| /* confdefs.h.  */
| 
| #define PACKAGE_NAME "Small Arms Ballistics"
| #define PACKAGE_TARNAME "saballistics"
| #define PACKAGE_VERSION "1.3.3"
| #define PACKAGE_STRING "Small Arms Ballistics 1.3.3"
| #define PACKAGE_BUGREPORT "weage98@yahoo.com"
| #define PACKAGE "saballistics"
| #define VERSION "1.3.3"
| #define COPYRIGHT "Copyright 2005 Joshua Weage"
| #define HAVE_LIBM 1
| /* end confdefs.h.  */
| 
| 
| int
| main ()
| {
| main ();
|   ;
|   return 0;
| }
configure:2853: result: no
configure:2863: error: ncurses library is required

## ---------------- ##
## Cache variables. ##
## ---------------- ##

ac_cv_c_compiler_gnu=yes
ac_cv_env_CC_set=
ac_cv_env_CC_value=
ac_cv_env_CFLAGS_set=
ac_cv_env_CFLAGS_value=
ac_cv_env_CPPFLAGS_set=
ac_cv_env_CPPFLAGS_value=
ac_cv_env_CPP_set=
ac_cv_env_CPP_value=
ac_cv_env_LDFLAGS_set=
ac_cv_env_LDFLAGS_value=
ac_cv_env_build_alias_set=
ac_cv_env_build_alias_value=
ac_cv_env_host_alias_set=
ac_cv_env_host_alias_value=
ac_cv_env_target_alias_set=
ac_cv_env_target_alias_value=
ac_cv_exeext=
ac_cv_lib_m_main=yes
ac_cv_lib_ncurses_main=no
ac_cv_objext=o
ac_cv_path_install='/usr/bin/install -c'
ac_cv_prog_AWK=gawk
ac_cv_prog_ac_ct_CC=gcc
ac_cv_prog_cc_g=yes
ac_cv_prog_cc_stdc=
ac_cv_prog_linuxdoc=false
ac_cv_prog_make_make_set=yes
am_cv_CC_dependencies_compiler_type=gcc3

## ----------------- ##
## Output variables. ##
## ----------------- ##

ACLOCAL='${SHELL} /home/tom/Desktop/saballistics-1.3.3/config/missing --run aclocal-1.6'
AMDEPBACKSLASH='\'
AMDEP_FALSE='#'
AMDEP_TRUE=''
AMTAR='${SHELL} /home/tom/Desktop/saballistics-1.3.3/config/missing --run tar'
AUTOCONF='${SHELL} /home/tom/Desktop/saballistics-1.3.3/config/missing --run autoconf'
AUTOHEADER='${SHELL} /home/tom/Desktop/saballistics-1.3.3/config/missing --run autoheader'
AUTOMAKE='${SHELL} /home/tom/Desktop/saballistics-1.3.3/config/missing --run automake-1.6'
AWK='gawk'
CC='gcc'
CCDEPMODE='depmode=gcc3'
CFLAGS='-g -O2'
COPYRIGHT='Copyright 2005 Joshua Weage'
CPP=''
CPPFLAGS=''
DATE='2 July 2005'
DEFS=''
DEPDIR='.deps'
ECHO_C=''
ECHO_N='-n'
ECHO_T=''
EGREP=''
EXEEXT=''
INSTALL_DATA='${INSTALL} -m 644'
INSTALL_PROGRAM='${INSTALL}'
INSTALL_SCRIPT='${INSTALL}'
INSTALL_STRIP_PROGRAM='${SHELL} $(install_sh) -c -s'
LDFLAGS=''
LIBOBJS=''
LIBS='-lm '
LINUXDOC_FALSE=''
LINUXDOC_TRUE='#'
LSMDATE='2JUL2005'
LTLIBOBJS=''
MAKEINFO='${SHELL} /home/tom/Desktop/saballistics-1.3.3/config/missing --run makeinfo'
OBJEXT='o'
PACKAGE='saballistics'
PACKAGE_BUGREPORT='weage98@yahoo.com'
PACKAGE_NAME='Small Arms Ballistics'
PACKAGE_STRING='Small Arms Ballistics 1.3.3'
PACKAGE_TARNAME='saballistics'
PACKAGE_VERSION='1.3.3'
PATH_SEPARATOR=':'
SET_MAKE=''
SHELL='/bin/sh'
STRIP=''
VERSION='1.3.3'
ac_ct_CC='gcc'
ac_ct_STRIP=''
am__include='include'
am__quote=''
bindir='${exec_prefix}/bin'
build_alias=''
datadir='${prefix}/share'
exec_prefix='NONE'
host_alias=''
includedir='${prefix}/include'
infodir='${prefix}/info'
install_sh='/home/tom/Desktop/saballistics-1.3.3/config/install-sh'
libdir='${exec_prefix}/lib'
libexecdir='${exec_prefix}/libexec'
linuxdoc='false'
localstatedir='${prefix}/var'
mandir='${prefix}/man'
oldincludedir='/usr/include'
prefix='NONE'
program_transform_name='s,x,x,'
sbindir='${exec_prefix}/sbin'
sharedstatedir='${prefix}/com'
sysconfdir='${prefix}/etc'
target_alias=''

## ----------- ##
## confdefs.h. ##
## ----------- ##

#define COPYRIGHT "Copyright 2005 Joshua Weage"
#define HAVE_LIBM 1
#define PACKAGE "saballistics"
#define PACKAGE_BUGREPORT "weage98@yahoo.com"
#define PACKAGE_NAME "Small Arms Ballistics"
#define PACKAGE_STRING "Small Arms Ballistics 1.3.3"
#define PACKAGE_TARNAME "saballistics"
#define PACKAGE_VERSION "1.3.3"
#define VERSION "1.3.3"

configure: exit 1
